{
"contracts\\ParkingReservation.sol":{"l":{"58":34,"59":32,"63":19,"64":17,"70":4,"71":4,"72":4,"83":21,"84":20,"86":18,"93":18,"104":32,"106":32,"113":32,"122":17,"123":16,"124":15,"126":14,"127":14,"129":13,"131":13,"140":13,"143":13,"144":1,"147":13,"155":9,"156":8,"158":8,"159":7,"161":6,"162":6,"165":6,"167":6,"183":7,"192":5,"193":3,"208":3,"209":3},"path":"D:\\zamadapp\\dapp132\\contracts\\ParkingReservation.sol","s":{"1":34,"2":19,"3":21,"4":20,"5":18,"6":32,"7":17,"8":16,"9":15,"10":14,"11":14,"12":13,"13":1,"14":13,"15":9,"16":8,"17":8,"18":7,"19":6,"20":6,"21":7,"22":5,"23":3,"24":3,"25":3},"b":{"1":[32,2],"2":[17,2],"3":[20,1],"4":[18,2],"5":[32,2],"6":[17,2],"7":[16,1],"8":[15,1],"9":[14,1],"10":[13,1],"11":[1,12],"12":[8,1],"13":[7,1],"14":[6,1],"15":[3,2]},"f":{"1":34,"2":19,"3":4,"4":21,"5":32,"6":17,"7":9,"8":7,"9":5,"10":3},"fnMap":{"1":{"name":"onlyOwner","line":57,"loc":{"start":{"line":57,"column":4},"end":{"line":60,"column":4}}},"2":{"name":"onlyRegistered","line":62,"loc":{"start":{"line":62,"column":4},"end":{"line":65,"column":4}}},"3":{"name":"constructor","line":69,"loc":{"start":{"line":69,"column":4},"end":{"line":73,"column":4}}},"4":{"name":"registerUser","line":82,"loc":{"start":{"line":82,"column":4},"end":{"line":94,"column":4}}},"5":{"name":"addParkingSpot","line":103,"loc":{"start":{"line":103,"column":4},"end":{"line":114,"column":4}}},"6":{"name":"makeReservation","line":121,"loc":{"start":{"line":121,"column":4},"end":{"line":148,"column":4}}},"7":{"name":"completeReservation","line":154,"loc":{"start":{"line":154,"column":4},"end":{"line":168,"column":4}}},"8":{"name":"getStatistics","line":178,"loc":{"start":{"line":178,"column":4},"end":{"line":184,"column":4}}},"9":{"name":"isSpotAvailable","line":191,"loc":{"start":{"line":191,"column":4},"end":{"line":194,"column":4}}},"10":{"name":"getUserInfo","line":203,"loc":{"start":{"line":203,"column":4},"end":{"line":210,"column":4}}}},"statementMap":{"1":{"start":{"line":58,"column":8},"end":{"line":58,"column":48}},"2":{"start":{"line":63,"column":8},"end":{"line":63,"column":64}},"3":{"start":{"line":83,"column":8},"end":{"line":83,"column":69}},"4":{"start":{"line":84,"column":8},"end":{"line":84,"column":80}},"5":{"start":{"line":93,"column":8},"end":{"line":93,"column":60}},"6":{"start":{"line":113,"column":8},"end":{"line":113,"column":65}},"7":{"start":{"line":122,"column":8},"end":{"line":122,"column":69}},"8":{"start":{"line":123,"column":8},"end":{"line":123,"column":70}},"9":{"start":{"line":124,"column":8},"end":{"line":124,"column":53}},"10":{"start":{"line":126,"column":8},"end":{"line":126,"column":78}},"11":{"start":{"line":127,"column":8},"end":{"line":127,"column":63}},"12":{"start":{"line":143,"column":8},"end":{"line":143,"column":4364}},"13":{"start":{"line":144,"column":12},"end":{"line":144,"column":63}},"14":{"start":{"line":147,"column":8},"end":{"line":147,"column":71}},"15":{"start":{"line":155,"column":8},"end":{"line":155,"column":98}},"16":{"start":{"line":156,"column":8},"end":{"line":156,"column":69}},"17":{"start":{"line":158,"column":8},"end":{"line":158,"column":70}},"18":{"start":{"line":159,"column":8},"end":{"line":159,"column":61}},"19":{"start":{"line":165,"column":8},"end":{"line":165,"column":91}},"20":{"start":{"line":167,"column":8},"end":{"line":167,"column":48}},"21":{"start":{"line":183,"column":8},"end":{"line":183,"column":64}},"22":{"start":{"line":192,"column":8},"end":{"line":192,"column":69}},"23":{"start":{"line":193,"column":8},"end":{"line":193,"column":47}},"24":{"start":{"line":208,"column":8},"end":{"line":208,"column":45}},"25":{"start":{"line":209,"column":8},"end":{"line":209,"column":65}}},"branchMap":{"1":{"line":58,"type":"if","locations":[{"start":{"line":58,"column":8},"end":{"line":58,"column":8}},{"start":{"line":58,"column":8},"end":{"line":58,"column":8}}]},"2":{"line":63,"type":"if","locations":[{"start":{"line":63,"column":8},"end":{"line":63,"column":8}},{"start":{"line":63,"column":8},"end":{"line":63,"column":8}}]},"3":{"line":83,"type":"if","locations":[{"start":{"line":83,"column":8},"end":{"line":83,"column":8}},{"start":{"line":83,"column":8},"end":{"line":83,"column":8}}]},"4":{"line":84,"type":"if","locations":[{"start":{"line":84,"column":8},"end":{"line":84,"column":8}},{"start":{"line":84,"column":8},"end":{"line":84,"column":8}}]},"5":{"line":103,"type":"if","locations":[{"start":{"line":103,"column":83},"end":{"line":103,"column":83}},{"start":{"line":103,"column":83},"end":{"line":103,"column":83}}]},"6":{"line":121,"type":"if","locations":[{"start":{"line":121,"column":85},"end":{"line":121,"column":85}},{"start":{"line":121,"column":85},"end":{"line":121,"column":85}}]},"7":{"line":122,"type":"if","locations":[{"start":{"line":122,"column":8},"end":{"line":122,"column":8}},{"start":{"line":122,"column":8},"end":{"line":122,"column":8}}]},"8":{"line":123,"type":"if","locations":[{"start":{"line":123,"column":8},"end":{"line":123,"column":8}},{"start":{"line":123,"column":8},"end":{"line":123,"column":8}}]},"9":{"line":124,"type":"if","locations":[{"start":{"line":124,"column":8},"end":{"line":124,"column":8}},{"start":{"line":124,"column":8},"end":{"line":124,"column":8}}]},"10":{"line":127,"type":"if","locations":[{"start":{"line":127,"column":8},"end":{"line":127,"column":8}},{"start":{"line":127,"column":8},"end":{"line":127,"column":8}}]},"11":{"line":143,"type":"if","locations":[{"start":{"line":143,"column":8},"end":{"line":143,"column":8}},{"start":{"line":143,"column":8},"end":{"line":143,"column":8}}]},"12":{"line":155,"type":"if","locations":[{"start":{"line":155,"column":8},"end":{"line":155,"column":8}},{"start":{"line":155,"column":8},"end":{"line":155,"column":8}}]},"13":{"line":158,"type":"if","locations":[{"start":{"line":158,"column":8},"end":{"line":158,"column":8}},{"start":{"line":158,"column":8},"end":{"line":158,"column":8}}]},"14":{"line":159,"type":"if","locations":[{"start":{"line":159,"column":8},"end":{"line":159,"column":8}},{"start":{"line":159,"column":8},"end":{"line":159,"column":8}}]},"15":{"line":192,"type":"if","locations":[{"start":{"line":192,"column":8},"end":{"line":192,"column":8}},{"start":{"line":192,"column":8},"end":{"line":192,"column":8}}]}}}}
