TN:
SF:D:\zamadapp\dapp132\contracts\ParkingReservation.sol
FN:57,onlyOwner
FN:62,onlyRegistered
FN:69,constructor
FN:82,registerUser
FN:103,addParkingSpot
FN:121,makeReservation
FN:154,completeReservation
FN:178,getStatistics
FN:191,isSpotAvailable
FN:203,getUserInfo
FNF:10
FNH:10
FNDA:34,onlyOwner
FNDA:19,onlyRegistered
FNDA:4,constructor
FNDA:21,registerUser
FNDA:32,addParkingSpot
FNDA:17,makeReservation
FNDA:9,completeReservation
FNDA:7,getStatistics
FNDA:5,isSpotAvailable
FNDA:3,getUserInfo
DA:58,34
DA:59,32
DA:63,19
DA:64,17
DA:70,4
DA:71,4
DA:72,4
DA:83,21
DA:84,20
DA:86,18
DA:93,18
DA:104,32
DA:106,32
DA:113,32
DA:122,17
DA:123,16
DA:124,15
DA:126,14
DA:127,14
DA:129,13
DA:131,13
DA:140,13
DA:143,13
DA:144,1
DA:147,13
DA:155,9
DA:156,8
DA:158,8
DA:159,7
DA:161,6
DA:162,6
DA:165,6
DA:167,6
DA:183,7
DA:192,5
DA:193,3
DA:208,3
DA:209,3
LF:38
LH:38
BRDA:58,1,0,32
BRDA:58,1,1,2
BRDA:63,2,0,17
BRDA:63,2,1,2
BRDA:83,3,0,20
BRDA:83,3,1,1
BRDA:84,4,0,18
BRDA:84,4,1,2
BRDA:103,5,0,32
BRDA:103,5,1,2
BRDA:121,6,0,17
BRDA:121,6,1,2
BRDA:122,7,0,16
BRDA:122,7,1,1
BRDA:123,8,0,15
BRDA:123,8,1,1
BRDA:124,9,0,14
BRDA:124,9,1,1
BRDA:127,10,0,13
BRDA:127,10,1,1
BRDA:143,11,0,1
BRDA:143,11,1,12
BRDA:155,12,0,8
BRDA:155,12,1,1
BRDA:158,13,0,7
BRDA:158,13,1,1
BRDA:159,14,0,6
BRDA:159,14,1,1
BRDA:192,15,0,3
BRDA:192,15,1,2
BRF:30
BRH:30
end_of_record
